[0.679s] Invoking command in '/home/shokutakahashi/ros2_ws/src/mypkg': PYTHONPATH=/home/shokutakahashi/ros2_ws/install/mypkg/lib/python3.10/site-packages:${PYTHONPATH} /usr/bin/python3 setup.py egg_info --egg-base ../../build/mypkg build --build-base /home/shokutakahashi/ros2_ws/build/mypkg/build install --prefix /home/shokutakahashi/ros2_ws/install/mypkg --record /home/shokutakahashi/ros2_ws/build/mypkg/install.log --single-version-externally-managed
[0.929s] running egg_info
[0.930s] writing ../../build/mypkg/mypkg.egg-info/PKG-INFO
[0.930s] writing dependency_links to ../../build/mypkg/mypkg.egg-info/dependency_links.txt
[0.930s] writing entry points to ../../build/mypkg/mypkg.egg-info/entry_points.txt
[0.930s] writing requirements to ../../build/mypkg/mypkg.egg-info/requires.txt
[0.931s] writing top-level names to ../../build/mypkg/mypkg.egg-info/top_level.txt
[0.933s] reading manifest file '../../build/mypkg/mypkg.egg-info/SOURCES.txt'
[0.933s] writing manifest file '../../build/mypkg/mypkg.egg-info/SOURCES.txt'
[0.933s] running build
[0.934s] running build_py
[0.934s] copying mypkg/listener.py -> /home/shokutakahashi/ros2_ws/build/mypkg/build/lib/mypkg
[0.934s] running install
[0.934s] /usr/lib/python3/dist-packages/setuptools/command/install.py:34: SetuptoolsDeprecationWarning: setup.py install is deprecated. Use build and pip and other standards-based tools.
[0.935s]   warnings.warn(
[0.935s] running install_lib
[0.935s] copying /home/shokutakahashi/ros2_ws/build/mypkg/build/lib/mypkg/listener.py -> /home/shokutakahashi/ros2_ws/install/mypkg/lib/python3.10/site-packages/mypkg
[0.936s] byte-compiling /home/shokutakahashi/ros2_ws/install/mypkg/lib/python3.10/site-packages/mypkg/listener.py to listener.cpython-310.pyc
[0.936s] running install_data
[0.937s] running install_egg_info
[0.938s] removing '/home/shokutakahashi/ros2_ws/install/mypkg/lib/python3.10/site-packages/mypkg-0.0.0-py3.10.egg-info' (and everything under it)
[0.938s] Copying ../../build/mypkg/mypkg.egg-info to /home/shokutakahashi/ros2_ws/install/mypkg/lib/python3.10/site-packages/mypkg-0.0.0-py3.10.egg-info
[0.939s] running install_scripts
[0.960s] Installing listener script to /home/shokutakahashi/ros2_ws/install/mypkg/lib/mypkg
[0.961s] Installing talker script to /home/shokutakahashi/ros2_ws/install/mypkg/lib/mypkg
[0.961s] writing list of installed files to '/home/shokutakahashi/ros2_ws/build/mypkg/install.log'
[0.989s] Invoked command in '/home/shokutakahashi/ros2_ws/src/mypkg' returned '0': PYTHONPATH=/home/shokutakahashi/ros2_ws/install/mypkg/lib/python3.10/site-packages:${PYTHONPATH} /usr/bin/python3 setup.py egg_info --egg-base ../../build/mypkg build --build-base /home/shokutakahashi/ros2_ws/build/mypkg/build install --prefix /home/shokutakahashi/ros2_ws/install/mypkg --record /home/shokutakahashi/ros2_ws/build/mypkg/install.log --single-version-externally-managed
