[0.853s] Invoking command in '/home/shokutakahashi/ros2_ws/src/mypkg': PYTHONPATH=/home/shokutakahashi/ros2_ws/install/mypkg/lib/python3.10/site-packages:${PYTHONPATH} /usr/bin/python3 setup.py egg_info --egg-base ../../build/mypkg build --build-base /home/shokutakahashi/ros2_ws/build/mypkg/build install --prefix /home/shokutakahashi/ros2_ws/install/mypkg --record /home/shokutakahashi/ros2_ws/build/mypkg/install.log --single-version-externally-managed
[1.117s] running egg_info
[1.118s] creating ../../build/mypkg/mypkg.egg-info
[1.118s] writing ../../build/mypkg/mypkg.egg-info/PKG-INFO
[1.118s] writing dependency_links to ../../build/mypkg/mypkg.egg-info/dependency_links.txt
[1.118s] writing entry points to ../../build/mypkg/mypkg.egg-info/entry_points.txt
[1.119s] writing requirements to ../../build/mypkg/mypkg.egg-info/requires.txt
[1.119s] writing top-level names to ../../build/mypkg/mypkg.egg-info/top_level.txt
[1.119s] writing manifest file '../../build/mypkg/mypkg.egg-info/SOURCES.txt'
[1.120s] reading manifest file '../../build/mypkg/mypkg.egg-info/SOURCES.txt'
[1.121s] writing manifest file '../../build/mypkg/mypkg.egg-info/SOURCES.txt'
[1.121s] running build
[1.121s] running build_py
[1.122s] creating /home/shokutakahashi/ros2_ws/build/mypkg/build
[1.122s] creating /home/shokutakahashi/ros2_ws/build/mypkg/build/lib
[1.122s] creating /home/shokutakahashi/ros2_ws/build/mypkg/build/lib/mypkg
[1.122s] copying mypkg/__init__.py -> /home/shokutakahashi/ros2_ws/build/mypkg/build/lib/mypkg
[1.122s] running install
[1.153s] /usr/lib/python3/dist-packages/setuptools/command/install.py:34: SetuptoolsDeprecationWarning: setup.py install is deprecated. Use build and pip and other standards-based tools.
[1.154s]   warnings.warn(
[1.154s] running install_lib
[1.155s] creating /home/shokutakahashi/ros2_ws/install/mypkg/lib/python3.10/site-packages/mypkg
[1.156s] copying /home/shokutakahashi/ros2_ws/build/mypkg/build/lib/mypkg/__init__.py -> /home/shokutakahashi/ros2_ws/install/mypkg/lib/python3.10/site-packages/mypkg
[1.157s] byte-compiling /home/shokutakahashi/ros2_ws/install/mypkg/lib/python3.10/site-packages/mypkg/__init__.py to __init__.cpython-310.pyc
[1.157s] running install_data
[1.158s] creating /home/shokutakahashi/ros2_ws/install/mypkg/share/ament_index
[1.159s] creating /home/shokutakahashi/ros2_ws/install/mypkg/share/ament_index/resource_index
[1.160s] creating /home/shokutakahashi/ros2_ws/install/mypkg/share/ament_index/resource_index/packages
[1.160s] copying resource/mypkg -> /home/shokutakahashi/ros2_ws/install/mypkg/share/ament_index/resource_index/packages
[1.160s] copying package.xml -> /home/shokutakahashi/ros2_ws/install/mypkg/share/mypkg
[1.160s] running install_egg_info
[1.164s] Copying ../../build/mypkg/mypkg.egg-info to /home/shokutakahashi/ros2_ws/install/mypkg/lib/python3.10/site-packages/mypkg-0.0.0-py3.10.egg-info
[1.166s] running install_scripts
[1.202s] writing list of installed files to '/home/shokutakahashi/ros2_ws/build/mypkg/install.log'
[1.228s] Invoked command in '/home/shokutakahashi/ros2_ws/src/mypkg' returned '0': PYTHONPATH=/home/shokutakahashi/ros2_ws/install/mypkg/lib/python3.10/site-packages:${PYTHONPATH} /usr/bin/python3 setup.py egg_info --egg-base ../../build/mypkg build --build-base /home/shokutakahashi/ros2_ws/build/mypkg/build install --prefix /home/shokutakahashi/ros2_ws/install/mypkg --record /home/shokutakahashi/ros2_ws/build/mypkg/install.log --single-version-externally-managed
