[1.006s] Invoking command in '/home/shokutakahashi/ros2_ws/src/mypkg': PYTHONPATH=/home/shokutakahashi/ros2_ws/install/mypkg/lib/python3.10/site-packages:${PYTHONPATH} /usr/bin/python3 setup.py egg_info --egg-base ../../build/mypkg build --build-base /home/shokutakahashi/ros2_ws/build/mypkg/build install --prefix /home/shokutakahashi/ros2_ws/install/mypkg --record /home/shokutakahashi/ros2_ws/build/mypkg/install.log --single-version-externally-managed
[1.253s] running egg_info
[1.253s] writing ../../build/mypkg/mypkg.egg-info/PKG-INFO
[1.257s] writing dependency_links to ../../build/mypkg/mypkg.egg-info/dependency_links.txt
[1.257s] writing entry points to ../../build/mypkg/mypkg.egg-info/entry_points.txt
[1.258s] writing requirements to ../../build/mypkg/mypkg.egg-info/requires.txt
[1.258s] writing top-level names to ../../build/mypkg/mypkg.egg-info/top_level.txt
[1.262s] reading manifest file '../../build/mypkg/mypkg.egg-info/SOURCES.txt'
[1.263s] writing manifest file '../../build/mypkg/mypkg.egg-info/SOURCES.txt'
[1.263s] running build
[1.263s] running build_py
[1.265s] copying mypkg/listener.py -> /home/shokutakahashi/ros2_ws/build/mypkg/build/lib/mypkg
[1.265s] running install
[1.266s] /usr/lib/python3/dist-packages/setuptools/command/install.py:34: SetuptoolsDeprecationWarning: setup.py install is deprecated. Use build and pip and other standards-based tools.
[1.266s]   warnings.warn(
[1.266s] running install_lib
[1.267s] copying /home/shokutakahashi/ros2_ws/build/mypkg/build/lib/mypkg/listener.py -> /home/shokutakahashi/ros2_ws/install/mypkg/lib/python3.10/site-packages/mypkg
[1.267s] byte-compiling /home/shokutakahashi/ros2_ws/install/mypkg/lib/python3.10/site-packages/mypkg/listener.py to listener.cpython-310.pyc
[1.268s] running install_data
[1.268s] running install_egg_info
[1.270s] removing '/home/shokutakahashi/ros2_ws/install/mypkg/lib/python3.10/site-packages/mypkg-0.0.0-py3.10.egg-info' (and everything under it)
[1.271s] Copying ../../build/mypkg/mypkg.egg-info to /home/shokutakahashi/ros2_ws/install/mypkg/lib/python3.10/site-packages/mypkg-0.0.0-py3.10.egg-info
[1.272s] running install_scripts
[1.307s] Installing talker script to /home/shokutakahashi/ros2_ws/install/mypkg/lib/mypkg
[1.308s] writing list of installed files to '/home/shokutakahashi/ros2_ws/build/mypkg/install.log'
[1.341s] Invoked command in '/home/shokutakahashi/ros2_ws/src/mypkg' returned '0': PYTHONPATH=/home/shokutakahashi/ros2_ws/install/mypkg/lib/python3.10/site-packages:${PYTHONPATH} /usr/bin/python3 setup.py egg_info --egg-base ../../build/mypkg build --build-base /home/shokutakahashi/ros2_ws/build/mypkg/build install --prefix /home/shokutakahashi/ros2_ws/install/mypkg --record /home/shokutakahashi/ros2_ws/build/mypkg/install.log --single-version-externally-managed
